<?xml version="1.0" encoding="UTF-8"?>
<!-- Generated by org.testng.reporters.JUnitReportReporter -->
<testsuite skipped="0" hostname="Subham" name="com.test.GoogleTest" tests="2" failures="0" timestamp="2019-11-16T23:45:00 IST" time="41.164" errors="0">
  <testcase name="searchKeys" time="26.583" classname="com.test.GoogleTest"/>
  <testcase name="titleTest" time="14.581" classname="com.test.GoogleTest"/>
</testsuite> <!-- com.test.GoogleTest -->
