<?xml version="1.0" encoding="UTF-8"?>
<!-- Generated by org.testng.reporters.JUnitReportReporter -->
<testsuite skipped="0" hostname="Subham" name="com.test.LandingPage" tests="5" failures="0" timestamp="2019-11-16T23:45:00 IST" time="127.482" errors="0">
  <testcase name="logoTest" time="25.504" classname="com.test.LandingPage"/>
  <testcase name="titleTest" time="25.501" classname="com.test.LandingPage"/>
  <testcase name="bowlsNameGourmet" time="25.590" classname="com.test.LandingPage"/>
  <testcase name="bowlsNameFresh" time="25.411" classname="com.test.LandingPage"/>
  <testcase name="bowlsNameGrocer" time="25.476" classname="com.test.LandingPage"/>
</testsuite> <!-- com.test.LandingPage -->
