<?xml version="1.0" encoding="UTF-8"?>
<!-- Generated by org.testng.reporters.JUnitReportReporter -->
<testsuite skipped="0" hostname="Subham" name="com.test.InvocationCountExample" tests="3" failures="0" timestamp="2019-11-16T23:45:00 IST" time="0.028" errors="0">
  <testcase name="test1" time="0.008" classname="com.test.InvocationCountExample"/>
  <testcase name="add" time="0.004" classname="com.test.InvocationCountExample"/>
  <testcase name="add" time="0.016" classname="com.test.InvocationCountExample"/>
</testsuite> <!-- com.test.InvocationCountExample -->
