<?xml version="1.0" encoding="UTF-8"?>
<!-- Generated by org.testng.reporters.JUnitReportReporter -->
<testsuite skipped="0" hostname="Subham" name="com.test.DataDrivenConcept" tests="3" failures="0" timestamp="2019-11-21T23:19:33 IST" time="111.684" errors="0">
  <testcase name="signUpKipos" time="38.097" classname="com.test.DataDrivenConcept"/>
  <testcase name="signUpKipos" time="35.077" classname="com.test.DataDrivenConcept"/>
  <testcase name="signUpKipos" time="38.510" classname="com.test.DataDrivenConcept"/>
</testsuite> <!-- com.test.DataDrivenConcept -->
