<?xml version="1.0" encoding="UTF-8"?>
<!-- Generated by org.testng.reporters.JUnitReportReporter -->
<testsuite skipped="0" hostname="Subham" name="com.test.TestNGBasicExample" tests="1" failures="0" timestamp="2019-11-16T23:45:00 IST" time="0.001" errors="0">
  <testcase name="getTitle" time="0.001" classname="com.test.TestNGBasicExample"/>
</testsuite> <!-- com.test.TestNGBasicExample -->
